<?xml version="1.0" encoding="UTF-8"?>
<!-- Generated by org.testng.reporters.JUnitReportReporter -->
<testsuite skipped="0" hostname="Deniss-MacBook-Air.local" name="qaclickacademy.Mavenjava.AppiumTest" tests="2" failures="0" timestamp="2020-08-18T17:33:13 CEST" time="0.009" errors="0">
  <testcase name="nativeAppAndroid" time="0.000" classname="qaclickacademy.Mavenjava.AppiumTest"/>
  <system-out/>
  <testcase name="iosApps" time="0.009" classname="qaclickacademy.Mavenjava.AppiumTest"/>
  <system-out/>
</testsuite> <!-- qaclickacademy.Mavenjava.AppiumTest -->
