<?xml version="1.0" encoding="UTF-8"?>
<!-- Generated by org.testng.reporters.JUnitReportReporter -->
<testsuite skipped="0" hostname="Deniss-MacBook-Air.local" name="qaclickacademy.Mavenjava.AppTest" tests="1" failures="0" timestamp="2020-08-18T17:33:33 CEST" time="0.001" errors="0">
  <testcase name="testApp" time="0.001" classname="qaclickacademy.Mavenjava.AppTest"/>
  <system-out/>
</testsuite> <!-- qaclickacademy.Mavenjava.AppTest -->
