<?xml version="1.0" encoding="UTF-8"?>
<!-- Generated by org.testng.reporters.JUnitReportReporter -->
<testsuite skipped="0" hostname="Deniss-MacBook-Air.local" name="qaclickacademy.Mavenjava.AppiumTest" tests="1" failures="0" timestamp="2020-08-18T17:32:51 CEST" time="0.011" errors="0">
  <testcase name="iosApps" time="0.011" classname="qaclickacademy.Mavenjava.AppiumTest"/>
  <system-out/>
</testsuite> <!-- qaclickacademy.Mavenjava.AppiumTest -->
