<?xml version="1.0" encoding="UTF-8"?>
<!-- Generated by org.testng.reporters.JUnitReportReporter -->
<testsuite skipped="0" hostname="Deniss-MacBook-Air.local" name="qaclickacademy.Mavenjava.SeleniumTest" tests="2" failures="0" timestamp="2020-08-18T18:46:06 CEST" time="0.001" errors="0">
  <testcase name="elementsui" time="0.001" classname="qaclickacademy.Mavenjava.SeleniumTest"/>
  <system-out/>
  <testcase name="browserAutomation" time="0.000" classname="qaclickacademy.Mavenjava.SeleniumTest"/>
  <system-out/>
</testsuite> <!-- qaclickacademy.Mavenjava.SeleniumTest -->
