<?xml version="1.0" encoding="UTF-8"?>
<!-- Generated by org.testng.reporters.JUnitReportReporter -->
<testsuite skipped="0" hostname="Deniss-MacBook-Air.local" name="qaclickacademy.Mavenjava.RESTAPITest" tests="2" failures="0" timestamp="2020-08-18T18:46:01 CEST" time="0.009" errors="0">
  <testcase name="postJira" time="0.000" classname="qaclickacademy.Mavenjava.RESTAPITest"/>
  <system-out/>
  <testcase name="deleteTwitter" time="0.009" classname="qaclickacademy.Mavenjava.RESTAPITest"/>
  <system-out/>
</testsuite> <!-- qaclickacademy.Mavenjava.RESTAPITest -->
